Analysis & Synthesis report for Labp2
Sun Oct 16 00:44:13 2016
Quartus Prime Version 16.0.0 Build 211 04/27/2016 SJ Lite Edition


---------------------
; Table of Contents ;
---------------------
  1. Legal Notice
  2. Analysis & Synthesis Summary
  3. Analysis & Synthesis Settings
  4. Parallel Compilation
  5. Analysis & Synthesis Source Files Read
  6. Analysis & Synthesis Resource Usage Summary
  7. Analysis & Synthesis Resource Utilization by Entity
  8. Analysis & Synthesis DSP Block Usage Summary
  9. General Register Statistics
 10. Multiplexer Restructuring Statistics (Restructuring Performed)
 11. Port Connectivity Checks: "aluNew:alu0|ripcurry:u0|fulladd:m0"
 12. Port Connectivity Checks: "aluNew:alu0"
 13. Post-Synthesis Netlist Statistics for Top Partition
 14. Elapsed Time Per Partition
 15. Analysis & Synthesis Messages
 16. Analysis & Synthesis Suppressed Messages



----------------
; Legal Notice ;
----------------
Copyright (C) 1991-2016 Altera Corporation. All rights reserved.
Your use of Altera Corporation's design tools, logic functions 
and other software and tools, and its AMPP partner logic 
functions, and any output files from any of the foregoing 
(including device programming or simulation files), and any 
associated documentation or information are expressly subject 
to the terms and conditions of the Altera Program License 
Subscription Agreement, the Altera Quartus Prime License Agreement,
the Altera MegaCore Function License Agreement, or other 
applicable license agreement, including, without limitation, 
that your use is for the sole purpose of programming logic 
devices manufactured by Altera and sold by Altera or its 
authorized distributors.  Please refer to the applicable 
agreement for further details.



+-------------------------------------------------------------------------------+
; Analysis & Synthesis Summary                                                  ;
+---------------------------------+---------------------------------------------+
; Analysis & Synthesis Status     ; Successful - Sun Oct 16 00:44:13 2016       ;
; Quartus Prime Version           ; 16.0.0 Build 211 04/27/2016 SJ Lite Edition ;
; Revision Name                   ; Labp2                                       ;
; Top-level Entity Name           ; Labp2                                       ;
; Family                          ; Cyclone V                                   ;
; Logic utilization (in ALMs)     ; N/A                                         ;
; Total registers                 ; 4                                           ;
; Total pins                      ; 64                                          ;
; Total virtual pins              ; 0                                           ;
; Total block memory bits         ; 0                                           ;
; Total DSP Blocks                ; 1                                           ;
; Total HSSI RX PCSs              ; 0                                           ;
; Total HSSI PMA RX Deserializers ; 0                                           ;
; Total HSSI TX PCSs              ; 0                                           ;
; Total HSSI PMA TX Serializers   ; 0                                           ;
; Total PLLs                      ; 0                                           ;
; Total DLLs                      ; 0                                           ;
+---------------------------------+---------------------------------------------+


+---------------------------------------------------------------------------------------------------------------------------+
; Analysis & Synthesis Settings                                                                                             ;
+---------------------------------------------------------------------------------+--------------------+--------------------+
; Option                                                                          ; Setting            ; Default Value      ;
+---------------------------------------------------------------------------------+--------------------+--------------------+
; Device                                                                          ; 5CSEMA5F31C6       ;                    ;
; Top-level entity name                                                           ; Labp2              ; Labp2              ;
; Family name                                                                     ; Cyclone V          ; Cyclone V          ;
; Use smart compilation                                                           ; Off                ; Off                ;
; Enable parallel Assembler and TimeQuest Timing Analyzer during compilation      ; On                 ; On                 ;
; Enable compact report table                                                     ; Off                ; Off                ;
; Restructure Multiplexers                                                        ; Auto               ; Auto               ;
; MLAB Add Timing Constraints For Mixed-Port Feed-Through Mode Setting Don't Care ; Off                ; Off                ;
; Create Debugging Nodes for IP Cores                                             ; Off                ; Off                ;
; Preserve fewer node names                                                       ; On                 ; On                 ;
; Disable OpenCore Plus hardware evaluation                                       ; Off                ; Off                ;
; Verilog Version                                                                 ; Verilog_2001       ; Verilog_2001       ;
; VHDL Version                                                                    ; VHDL_1993          ; VHDL_1993          ;
; State Machine Processing                                                        ; Auto               ; Auto               ;
; Safe State Machine                                                              ; Off                ; Off                ;
; Extract Verilog State Machines                                                  ; On                 ; On                 ;
; Extract VHDL State Machines                                                     ; On                 ; On                 ;
; Ignore Verilog initial constructs                                               ; Off                ; Off                ;
; Iteration limit for constant Verilog loops                                      ; 5000               ; 5000               ;
; Iteration limit for non-constant Verilog loops                                  ; 250                ; 250                ;
; Add Pass-Through Logic to Inferred RAMs                                         ; On                 ; On                 ;
; Infer RAMs from Raw Logic                                                       ; On                 ; On                 ;
; Parallel Synthesis                                                              ; On                 ; On                 ;
; DSP Block Balancing                                                             ; Auto               ; Auto               ;
; NOT Gate Push-Back                                                              ; On                 ; On                 ;
; Power-Up Don't Care                                                             ; On                 ; On                 ;
; Remove Redundant Logic Cells                                                    ; Off                ; Off                ;
; Remove Duplicate Registers                                                      ; On                 ; On                 ;
; Ignore CARRY Buffers                                                            ; Off                ; Off                ;
; Ignore CASCADE Buffers                                                          ; Off                ; Off                ;
; Ignore GLOBAL Buffers                                                           ; Off                ; Off                ;
; Ignore ROW GLOBAL Buffers                                                       ; Off                ; Off                ;
; Ignore LCELL Buffers                                                            ; Off                ; Off                ;
; Ignore SOFT Buffers                                                             ; On                 ; On                 ;
; Limit AHDL Integers to 32 Bits                                                  ; Off                ; Off                ;
; Optimization Technique                                                          ; Balanced           ; Balanced           ;
; Carry Chain Length                                                              ; 70                 ; 70                 ;
; Auto Carry Chains                                                               ; On                 ; On                 ;
; Auto Open-Drain Pins                                                            ; On                 ; On                 ;
; Perform WYSIWYG Primitive Resynthesis                                           ; Off                ; Off                ;
; Auto ROM Replacement                                                            ; On                 ; On                 ;
; Auto RAM Replacement                                                            ; On                 ; On                 ;
; Auto DSP Block Replacement                                                      ; On                 ; On                 ;
; Auto Shift Register Replacement                                                 ; Auto               ; Auto               ;
; Allow Shift Register Merging across Hierarchies                                 ; Auto               ; Auto               ;
; Auto Clock Enable Replacement                                                   ; On                 ; On                 ;
; Strict RAM Replacement                                                          ; Off                ; Off                ;
; Allow Synchronous Control Signals                                               ; On                 ; On                 ;
; Force Use of Synchronous Clear Signals                                          ; Off                ; Off                ;
; Auto Resource Sharing                                                           ; Off                ; Off                ;
; Allow Any RAM Size For Recognition                                              ; Off                ; Off                ;
; Allow Any ROM Size For Recognition                                              ; Off                ; Off                ;
; Allow Any Shift Register Size For Recognition                                   ; Off                ; Off                ;
; Use LogicLock Constraints during Resource Balancing                             ; On                 ; On                 ;
; Ignore translate_off and synthesis_off directives                               ; Off                ; Off                ;
; Timing-Driven Synthesis                                                         ; On                 ; On                 ;
; Report Parameter Settings                                                       ; On                 ; On                 ;
; Report Source Assignments                                                       ; On                 ; On                 ;
; Report Connectivity Checks                                                      ; On                 ; On                 ;
; Ignore Maximum Fan-Out Assignments                                              ; Off                ; Off                ;
; Synchronization Register Chain Length                                           ; 3                  ; 3                  ;
; PowerPlay Power Optimization During Synthesis                                   ; Normal compilation ; Normal compilation ;
; HDL message level                                                               ; Level2             ; Level2             ;
; Suppress Register Optimization Related Messages                                 ; Off                ; Off                ;
; Number of Removed Registers Reported in Synthesis Report                        ; 5000               ; 5000               ;
; Number of Swept Nodes Reported in Synthesis Report                              ; 5000               ; 5000               ;
; Number of Inverted Registers Reported in Synthesis Report                       ; 100                ; 100                ;
; Clock MUX Protection                                                            ; On                 ; On                 ;
; Auto Gated Clock Conversion                                                     ; Off                ; Off                ;
; Block Design Naming                                                             ; Auto               ; Auto               ;
; SDC constraint protection                                                       ; Off                ; Off                ;
; Synthesis Effort                                                                ; Auto               ; Auto               ;
; Shift Register Replacement - Allow Asynchronous Clear Signal                    ; On                 ; On                 ;
; Pre-Mapping Resynthesis Optimization                                            ; Off                ; Off                ;
; Analysis & Synthesis Message Level                                              ; Medium             ; Medium             ;
; Disable Register Merging Across Hierarchies                                     ; Auto               ; Auto               ;
; Resource Aware Inference For Block RAM                                          ; On                 ; On                 ;
; Synthesis Seed                                                                  ; 1                  ; 1                  ;
; Automatic Parallel Synthesis                                                    ; On                 ; On                 ;
; Partial Reconfiguration Bitstream ID                                            ; Off                ; Off                ;
+---------------------------------------------------------------------------------+--------------------+--------------------+


+------------------------------------------+
; Parallel Compilation                     ;
+----------------------------+-------------+
; Processors                 ; Number      ;
+----------------------------+-------------+
; Number detected on machine ; 4           ;
; Maximum allowed            ; 2           ;
;                            ;             ;
; Average used               ; 1.00        ;
; Maximum used               ; 2           ;
;                            ;             ;
; Usage by Processor         ; % Time Used ;
;     Processor 1            ; 100.0%      ;
;     Processor 2            ;   0.0%      ;
+----------------------------+-------------+


+--------------------------------------------------------------------------------------------------------------------------+
; Analysis & Synthesis Source Files Read                                                                                   ;
+----------------------------------+-----------------+------------------------+----------------------------------+---------+
; File Name with User-Entered Path ; Used in Netlist ; File Type              ; File Name with Absolute Path     ; Library ;
+----------------------------------+-----------------+------------------------+----------------------------------+---------+
; Labp2.v                          ; yes             ; User Verilog HDL File  ; C:/Dev/FPGA/Project/Lab4/Labp2.v ;         ;
+----------------------------------+-----------------+------------------------+----------------------------------+---------+


+------------------------------------------------------------+
; Analysis & Synthesis Resource Usage Summary                ;
+---------------------------------------------+--------------+
; Resource                                    ; Usage        ;
+---------------------------------------------+--------------+
; Estimate of Logic utilization (ALMs needed) ; 58           ;
;                                             ;              ;
; Combinational ALUT usage for logic          ; 82           ;
;     -- 7 input functions                    ; 1            ;
;     -- 6 input functions                    ; 33           ;
;     -- 5 input functions                    ; 9            ;
;     -- 4 input functions                    ; 19           ;
;     -- <=3 input functions                  ; 20           ;
;                                             ;              ;
; Dedicated logic registers                   ; 4            ;
;                                             ;              ;
; I/O pins                                    ; 64           ;
;                                             ;              ;
; Total DSP Blocks                            ; 1            ;
;                                             ;              ;
; Maximum fan-out node                        ; KEY[3]~input ;
; Maximum fan-out                             ; 22           ;
; Total fan-out                               ; 484          ;
; Average fan-out                             ; 2.25         ;
+---------------------------------------------+--------------+


+------------------------------------------------------------------------------------------------------------------------------------------------------------------------------------------------------------+
; Analysis & Synthesis Resource Utilization by Entity                                                                                                                                                        ;
+----------------------------+-------------------+--------------+-------------------+------------+------+--------------+--------------------------------------------------------+-------------+--------------+
; Compilation Hierarchy Node ; LC Combinationals ; LC Registers ; Block Memory Bits ; DSP Blocks ; Pins ; Virtual Pins ; Full Hierarchy Name                                    ; Entity Name ; Library Name ;
+----------------------------+-------------------+--------------+-------------------+------------+------+--------------+--------------------------------------------------------+-------------+--------------+
; |Labp2                     ; 82 (0)            ; 4 (0)        ; 0                 ; 1          ; 64   ; 0            ; |Labp2                                                 ; Labp2       ; work         ;
;    |aluNew:alu0|           ; 82 (50)           ; 4 (4)        ; 0                 ; 1          ; 0    ; 0            ; |Labp2|aluNew:alu0                                     ; aluNew      ; work         ;
;       |bithex:m0|          ; 7 (7)             ; 0 (0)        ; 0                 ; 0          ; 0    ; 0            ; |Labp2|aluNew:alu0|bithex:m0                           ; bithex      ; work         ;
;       |bithex:m1|          ; 7 (7)             ; 0 (0)        ; 0                 ; 0          ; 0    ; 0            ; |Labp2|aluNew:alu0|bithex:m1                           ; bithex      ; work         ;
;       |bithex:m4|          ; 7 (7)             ; 0 (0)        ; 0                 ; 0          ; 0    ; 0            ; |Labp2|aluNew:alu0|bithex:m4                           ; bithex      ; work         ;
;       |bithex:m5|          ; 7 (7)             ; 0 (0)        ; 0                 ; 0          ; 0    ; 0            ; |Labp2|aluNew:alu0|bithex:m5                           ; bithex      ; work         ;
;       |ripcurry:u0|        ; 4 (0)             ; 0 (0)        ; 0                 ; 0          ; 0    ; 0            ; |Labp2|aluNew:alu0|ripcurry:u0                         ; ripcurry    ; work         ;
;          |fulladd:m1|      ; 1 (1)             ; 0 (0)        ; 0                 ; 0          ; 0    ; 0            ; |Labp2|aluNew:alu0|ripcurry:u0|fulladd:m1              ; fulladd     ; work         ;
;          |fulladd:m2|      ; 2 (1)             ; 0 (0)        ; 0                 ; 0          ; 0    ; 0            ; |Labp2|aluNew:alu0|ripcurry:u0|fulladd:m2              ; fulladd     ; work         ;
;             |mux2to1:mux1| ; 1 (1)             ; 0 (0)        ; 0                 ; 0          ; 0    ; 0            ; |Labp2|aluNew:alu0|ripcurry:u0|fulladd:m2|mux2to1:mux1 ; mux2to1     ; work         ;
;          |fulladd:m3|      ; 1 (1)             ; 0 (0)        ; 0                 ; 0          ; 0    ; 0            ; |Labp2|aluNew:alu0|ripcurry:u0|fulladd:m3              ; fulladd     ; work         ;
+----------------------------+-------------------+--------------+-------------------+------------+------+--------------+--------------------------------------------------------+-------------+--------------+
Note: For table entries with two numbers listed, the numbers in parentheses indicate the number of resources of the given type used by the specific entity alone. The numbers listed outside of parentheses indicate the total resources of the given type used by the specific entity and all of its sub-entities in the hierarchy.


+-----------------------------------------------+
; Analysis & Synthesis DSP Block Usage Summary  ;
+---------------------------------+-------------+
; Statistic                       ; Number Used ;
+---------------------------------+-------------+
; Independent 9x9                 ; 1           ;
; Total number of DSP blocks      ; 1           ;
;                                 ;             ;
; Fixed Point Unsigned Multiplier ; 1           ;
+---------------------------------+-------------+


+------------------------------------------------------+
; General Register Statistics                          ;
+----------------------------------------------+-------+
; Statistic                                    ; Value ;
+----------------------------------------------+-------+
; Total registers                              ; 4     ;
; Number of registers using Synchronous Clear  ; 0     ;
; Number of registers using Synchronous Load   ; 0     ;
; Number of registers using Asynchronous Clear ; 0     ;
; Number of registers using Asynchronous Load  ; 0     ;
; Number of registers using Clock Enable       ; 0     ;
; Number of registers using Preset             ; 0     ;
+----------------------------------------------+-------+


+------------------------------------------------------------------------------------------------------------------------------------------+
; Multiplexer Restructuring Statistics (Restructuring Performed)                                                                           ;
+--------------------+-----------+---------------+----------------------+------------------------+------------+----------------------------+
; Multiplexer Inputs ; Bus Width ; Baseline Area ; Area if Restructured ; Saving if Restructured ; Registered ; Example Multiplexer Output ;
+--------------------+-----------+---------------+----------------------+------------------------+------------+----------------------------+
; 5:1                ; 2 bits    ; 6 LEs         ; 4 LEs                ; 2 LEs                  ; No         ; |Labp2|aluNew:alu0|Mux1    ;
+--------------------+-----------+---------------+----------------------+------------------------+------------+----------------------------+


+----------------------------------------------------------------+
; Port Connectivity Checks: "aluNew:alu0|ripcurry:u0|fulladd:m0" ;
+------+-------+----------+--------------------------------------+
; Port ; Type  ; Severity ; Details                              ;
+------+-------+----------+--------------------------------------+
; ci   ; Input ; Info     ; Stuck at GND                         ;
+------+-------+----------+--------------------------------------+


+-------------------------------------------------------------------------------------------------------------------------------------------------------------------------------------------------------------+
; Port Connectivity Checks: "aluNew:alu0"                                                                                                                                                                     ;
+------+-------+----------+-----------------------------------------------------------------------------------------------------------------------------------------------------------------------------------+
; Port ; Type  ; Severity ; Details                                                                                                                                                                           ;
+------+-------+----------+-----------------------------------------------------------------------------------------------------------------------------------------------------------------------------------+
; in   ; Input ; Warning  ; Input port expression (10 bits) is wider than the input port (4 bits) it drives.  The 6 most-significant bit(s) in the expression will be dangling if they have no other fanouts. ;
+------+-------+----------+-----------------------------------------------------------------------------------------------------------------------------------------------------------------------------------+


+-----------------------------------------------------+
; Post-Synthesis Netlist Statistics for Top Partition ;
+-----------------------+-----------------------------+
; Type                  ; Count                       ;
+-----------------------+-----------------------------+
; arriav_ff             ; 4                           ;
;     plain             ; 4                           ;
; arriav_lcell_comb     ; 84                          ;
;     arith             ; 5                           ;
;         0 data inputs ; 1                           ;
;         2 data inputs ; 4                           ;
;     extend            ; 1                           ;
;         7 data inputs ; 1                           ;
;     normal            ; 78                          ;
;         0 data inputs ; 2                           ;
;         2 data inputs ; 7                           ;
;         3 data inputs ; 8                           ;
;         4 data inputs ; 19                          ;
;         5 data inputs ; 9                           ;
;         6 data inputs ; 33                          ;
; arriav_mac            ; 1                           ;
; boundary_port         ; 64                          ;
;                       ;                             ;
; Max LUT depth         ; 4.00                        ;
; Average LUT depth     ; 3.11                        ;
+-----------------------+-----------------------------+


+-------------------------------+
; Elapsed Time Per Partition    ;
+----------------+--------------+
; Partition Name ; Elapsed Time ;
+----------------+--------------+
; Top            ; 00:00:01     ;
+----------------+--------------+


+-------------------------------+
; Analysis & Synthesis Messages ;
+-------------------------------+
Info: *******************************************************************
Info: Running Quartus Prime Analysis & Synthesis
    Info: Version 16.0.0 Build 211 04/27/2016 SJ Lite Edition
    Info: Processing started: Sun Oct 16 00:43:55 2016
Info: Command: quartus_map --read_settings_files=on --write_settings_files=off Lab4p2 -c Labp2
Warning (18236): Number of processors has not been specified which may cause overloading on shared machines.  Set the global assignment NUM_PARALLEL_PROCESSORS in your QSF to an appropriate value for best performance.
Info (20030): Parallel compilation is enabled and will use 2 of the 2 processors detected
Warning (12019): Can't analyze file -- file Lab3.v is missing
Info (12021): Found 6 design units, including 6 entities, in source file labp2.v
    Info (12023): Found entity 1: Labp2 File: C:/Dev/FPGA/Project/Lab4/Labp2.v Line: 3
    Info (12023): Found entity 2: aluNew File: C:/Dev/FPGA/Project/Lab4/Labp2.v Line: 20
    Info (12023): Found entity 3: bithex File: C:/Dev/FPGA/Project/Lab4/Labp2.v Line: 115
    Info (12023): Found entity 4: mux2to1 File: C:/Dev/FPGA/Project/Lab4/Labp2.v Line: 132
    Info (12023): Found entity 5: fulladd File: C:/Dev/FPGA/Project/Lab4/Labp2.v Line: 145
    Info (12023): Found entity 6: ripcurry File: C:/Dev/FPGA/Project/Lab4/Labp2.v Line: 164
Info (12127): Elaborating entity "Labp2" for the top level hierarchy
Info (12128): Elaborating entity "aluNew" for hierarchy "aluNew:alu0" File: C:/Dev/FPGA/Project/Lab4/Labp2.v Line: 15
Warning (10034): Output port "out" at Labp2.v(26) has no driver File: C:/Dev/FPGA/Project/Lab4/Labp2.v Line: 26
Info (12128): Elaborating entity "ripcurry" for hierarchy "aluNew:alu0|ripcurry:u0" File: C:/Dev/FPGA/Project/Lab4/Labp2.v Line: 43
Info (12128): Elaborating entity "fulladd" for hierarchy "aluNew:alu0|ripcurry:u0|fulladd:m0" File: C:/Dev/FPGA/Project/Lab4/Labp2.v Line: 169
Info (12128): Elaborating entity "mux2to1" for hierarchy "aluNew:alu0|ripcurry:u0|fulladd:m0|mux2to1:mux1" File: C:/Dev/FPGA/Project/Lab4/Labp2.v Line: 158
Info (12128): Elaborating entity "bithex" for hierarchy "aluNew:alu0|bithex:m0" File: C:/Dev/FPGA/Project/Lab4/Labp2.v Line: 107
Warning (12241): 1 hierarchies have connectivity warnings - see the Connectivity Checks report folder
Warning (13024): Output pins are stuck at VCC or GND
    Warning (13410): Pin "LEDR[0]" is stuck at GND File: C:/Dev/FPGA/Project/Lab4/Labp2.v Line: 7
    Warning (13410): Pin "LEDR[1]" is stuck at GND File: C:/Dev/FPGA/Project/Lab4/Labp2.v Line: 7
    Warning (13410): Pin "LEDR[2]" is stuck at GND File: C:/Dev/FPGA/Project/Lab4/Labp2.v Line: 7
    Warning (13410): Pin "LEDR[3]" is stuck at GND File: C:/Dev/FPGA/Project/Lab4/Labp2.v Line: 7
    Warning (13410): Pin "LEDR[4]" is stuck at GND File: C:/Dev/FPGA/Project/Lab4/Labp2.v Line: 7
    Warning (13410): Pin "LEDR[5]" is stuck at GND File: C:/Dev/FPGA/Project/Lab4/Labp2.v Line: 7
    Warning (13410): Pin "LEDR[6]" is stuck at GND File: C:/Dev/FPGA/Project/Lab4/Labp2.v Line: 7
    Warning (13410): Pin "LEDR[7]" is stuck at GND File: C:/Dev/FPGA/Project/Lab4/Labp2.v Line: 7
    Warning (13410): Pin "HEX1[0]" is stuck at GND File: C:/Dev/FPGA/Project/Lab4/Labp2.v Line: 9
    Warning (13410): Pin "HEX1[1]" is stuck at GND File: C:/Dev/FPGA/Project/Lab4/Labp2.v Line: 9
    Warning (13410): Pin "HEX1[2]" is stuck at GND File: C:/Dev/FPGA/Project/Lab4/Labp2.v Line: 9
    Warning (13410): Pin "HEX1[3]" is stuck at GND File: C:/Dev/FPGA/Project/Lab4/Labp2.v Line: 9
    Warning (13410): Pin "HEX1[4]" is stuck at GND File: C:/Dev/FPGA/Project/Lab4/Labp2.v Line: 9
    Warning (13410): Pin "HEX1[5]" is stuck at GND File: C:/Dev/FPGA/Project/Lab4/Labp2.v Line: 9
    Warning (13410): Pin "HEX1[6]" is stuck at VCC File: C:/Dev/FPGA/Project/Lab4/Labp2.v Line: 9
    Warning (13410): Pin "HEX3[0]" is stuck at GND File: C:/Dev/FPGA/Project/Lab4/Labp2.v Line: 11
    Warning (13410): Pin "HEX3[1]" is stuck at GND File: C:/Dev/FPGA/Project/Lab4/Labp2.v Line: 11
    Warning (13410): Pin "HEX3[2]" is stuck at GND File: C:/Dev/FPGA/Project/Lab4/Labp2.v Line: 11
    Warning (13410): Pin "HEX3[3]" is stuck at GND File: C:/Dev/FPGA/Project/Lab4/Labp2.v Line: 11
    Warning (13410): Pin "HEX3[4]" is stuck at GND File: C:/Dev/FPGA/Project/Lab4/Labp2.v Line: 11
    Warning (13410): Pin "HEX3[5]" is stuck at GND File: C:/Dev/FPGA/Project/Lab4/Labp2.v Line: 11
    Warning (13410): Pin "HEX3[6]" is stuck at VCC File: C:/Dev/FPGA/Project/Lab4/Labp2.v Line: 11
Info (286030): Timing-Driven Synthesis is running
Info (144001): Generated suppressed messages file C:/Dev/FPGA/Project/Lab4/output_files/Labp2.map.smsg
Info (16010): Generating hard_block partition "hard_block:auto_generated_inst"
    Info (16011): Adding 0 node(s), including 0 DDIO, 0 PLL, 0 transceiver and 0 LCELL
Warning (21074): Design contains 5 input pin(s) that do not drive logic
    Warning (15610): No output dependent on input pin "SW[4]" File: C:/Dev/FPGA/Project/Lab4/Labp2.v Line: 4
    Warning (15610): No output dependent on input pin "SW[5]" File: C:/Dev/FPGA/Project/Lab4/Labp2.v Line: 4
    Warning (15610): No output dependent on input pin "SW[6]" File: C:/Dev/FPGA/Project/Lab4/Labp2.v Line: 4
    Warning (15610): No output dependent on input pin "SW[7]" File: C:/Dev/FPGA/Project/Lab4/Labp2.v Line: 4
    Warning (15610): No output dependent on input pin "SW[8]" File: C:/Dev/FPGA/Project/Lab4/Labp2.v Line: 4
Info (21057): Implemented 147 device resources after synthesis - the final resource count might be different
    Info (21058): Implemented 14 input pins
    Info (21059): Implemented 50 output pins
    Info (21061): Implemented 82 logic cells
    Info (21062): Implemented 1 DSP elements
Info: Quartus Prime Analysis & Synthesis was successful. 0 errors, 33 warnings
    Info: Peak virtual memory: 911 megabytes
    Info: Processing ended: Sun Oct 16 00:44:13 2016
    Info: Elapsed time: 00:00:18
    Info: Total CPU time (on all processors): 00:00:41


+------------------------------------------+
; Analysis & Synthesis Suppressed Messages ;
+------------------------------------------+
The suppressed messages can be found in C:/Dev/FPGA/Project/Lab4/output_files/Labp2.map.smsg.


