Flow report for Final
Mon Nov 28 09:29:26 2016
Quartus Prime Version 16.0.0 Build 211 04/27/2016 SJ Lite Edition


---------------------
; Table of Contents ;
---------------------
  1. Legal Notice
  2. Flow Summary
  3. Flow Settings
  4. Flow Non-Default Global Settings
  5. Flow Elapsed Time
  6. Flow OS Summary
  7. Flow Log
  8. Flow Messages
  9. Flow Suppressed Messages



----------------
; Legal Notice ;
----------------
Copyright (C) 1991-2016 Altera Corporation. All rights reserved.
Your use of Altera Corporation's design tools, logic functions 
and other software and tools, and its AMPP partner logic 
functions, and any output files from any of the foregoing 
(including device programming or simulation files), and any 
associated documentation or information are expressly subject 
to the terms and conditions of the Altera Program License 
Subscription Agreement, the Altera Quartus Prime License Agreement,
the Altera MegaCore Function License Agreement, or other 
applicable license agreement, including, without limitation, 
that your use is for the sole purpose of programming logic 
devices manufactured by Altera and sold by Altera or its 
authorized distributors.  Please refer to the applicable 
agreement for further details.



+-------------------------------------------------------------------------------+
; Flow Summary                                                                  ;
+---------------------------------+---------------------------------------------+
; Flow Status                     ; Successful - Mon Nov 28 09:29:26 2016       ;
; Quartus Prime Version           ; 16.0.0 Build 211 04/27/2016 SJ Lite Edition ;
; Revision Name                   ; Final                                       ;
; Top-level Entity Name           ; Final                                       ;
; Family                          ; Cyclone V                                   ;
; Device                          ; 5CSEMA5F31C6                                ;
; Timing Models                   ; Final                                       ;
; Logic utilization (in ALMs)     ; 326 / 32,070 ( 1 % )                        ;
; Total registers                 ; 90                                          ;
; Total pins                      ; 47 / 457 ( 10 % )                           ;
; Total virtual pins              ; 0                                           ;
; Total block memory bits         ; 0 / 4,065,280 ( 0 % )                       ;
; Total DSP Blocks                ; 2 / 87 ( 2 % )                              ;
; Total HSSI RX PCSs              ; 0                                           ;
; Total HSSI PMA RX Deserializers ; 0                                           ;
; Total HSSI TX PCSs              ; 0                                           ;
; Total HSSI PMA TX Serializers   ; 0                                           ;
; Total PLLs                      ; 0 / 6 ( 0 % )                               ;
; Total DLLs                      ; 0 / 4 ( 0 % )                               ;
+---------------------------------+---------------------------------------------+


+-----------------------------------------+
; Flow Settings                           ;
+-------------------+---------------------+
; Option            ; Setting             ;
+-------------------+---------------------+
; Start date & time ; 11/28/2016 09:20:17 ;
; Main task         ; Compilation         ;
; Revision Name     ; Final               ;
+-------------------+---------------------+


+----------------------------------------------------------------------------------------------------------------------+
; Flow Non-Default Global Settings                                                                                     ;
+-------------------------------------+---------------------------------+---------------+-------------+----------------+
; Assignment Name                     ; Value                           ; Default Value ; Entity Name ; Section Id     ;
+-------------------------------------+---------------------------------+---------------+-------------+----------------+
; COMPILER_SIGNATURE_ID               ; 198660152433999.148034281711364 ; --            ; --          ; --             ;
; EDA_OUTPUT_DATA_FORMAT              ; Verilog Hdl                     ; --            ; --          ; eda_simulation ;
; EDA_SIMULATION_TOOL                 ; ModelSim-Altera (Verilog)       ; <None>        ; --          ; --             ;
; EDA_TIME_SCALE                      ; 1 ps                            ; --            ; --          ; eda_simulation ;
; MAX_CORE_JUNCTION_TEMP              ; 85                              ; --            ; --          ; --             ;
; MIN_CORE_JUNCTION_TEMP              ; 0                               ; --            ; --          ; --             ;
; PARTITION_COLOR                     ; 16764057                        ; --            ; --          ; Top            ;
; PARTITION_FITTER_PRESERVATION_LEVEL ; PLACEMENT_AND_ROUTING           ; --            ; --          ; Top            ;
; PARTITION_NETLIST_TYPE              ; SOURCE                          ; --            ; --          ; Top            ;
; PROJECT_OUTPUT_DIRECTORY            ; output_files                    ; --            ; --          ; --             ;
+-------------------------------------+---------------------------------+---------------+-------------+----------------+


+-------------------------------------------------------------------------------------------------------------------------------+
; Flow Elapsed Time                                                                                                             ;
+---------------------------+--------------+-------------------------+---------------------+------------------------------------+
; Module Name               ; Elapsed Time ; Average Processors Used ; Peak Virtual Memory ; Total CPU Time (on all processors) ;
+---------------------------+--------------+-------------------------+---------------------+------------------------------------+
; Analysis & Synthesis      ; 00:00:32     ; 1.0                     ; 910 MB              ; 00:01:14                           ;
; Fitter                    ; 00:07:20     ; 1.0                     ; 2306 MB             ; 00:03:49                           ;
; Assembler                 ; 00:00:29     ; 1.0                     ; 930 MB              ; 00:00:21                           ;
; TimeQuest Timing Analyzer ; 00:00:24     ; 1.1                     ; 1232 MB             ; 00:00:24                           ;
; EDA Netlist Writer        ; 00:00:05     ; 1.0                     ; 848 MB              ; 00:00:04                           ;
; Total                     ; 00:08:50     ; --                      ; --                  ; 00:05:52                           ;
+---------------------------+--------------+-------------------------+---------------------+------------------------------------+


+-----------------------------------------------------------------------------------------+
; Flow OS Summary                                                                         ;
+---------------------------+-------------------+-----------+------------+----------------+
; Module Name               ; Machine Hostname  ; OS Name   ; OS Version ; Processor type ;
+---------------------------+-------------------+-----------+------------+----------------+
; Analysis & Synthesis      ; KevinsSurfacePro4 ; Windows 8 ; 6.2        ; x86_64         ;
; Fitter                    ; KevinsSurfacePro4 ; Windows 8 ; 6.2        ; x86_64         ;
; Assembler                 ; KevinsSurfacePro4 ; Windows 8 ; 6.2        ; x86_64         ;
; TimeQuest Timing Analyzer ; KevinsSurfacePro4 ; Windows 8 ; 6.2        ; x86_64         ;
; EDA Netlist Writer        ; KevinsSurfacePro4 ; Windows 8 ; 6.2        ; x86_64         ;
+---------------------------+-------------------+-----------+------------+----------------+


------------
; Flow Log ;
------------
quartus_map --read_settings_files=on --write_settings_files=off Final -c Final
quartus_fit --read_settings_files=off --write_settings_files=off Final -c Final
quartus_asm --read_settings_files=off --write_settings_files=off Final -c Final
quartus_sta Final -c Final
quartus_eda --read_settings_files=off --write_settings_files=off Final -c Final



